This is pdfTeX, Version 3.14159265-2.6-1.40.19 (TeX Live 2018/W32TeX) (preloaded format=pdflatex 2018.10.23)  22 OCT 2019 15:52
entering extended mode
 restricted \write18 enabled.
 %&-line parsing enabled.
**posterSimTech18.tex
(./posterSimTech18.tex
LaTeX2e <2018-04-01> patch level 5
(d:/TeXLive/texlive/2018/texmf-dist/tex/latex/beamer/beamer.cls
Document Class: beamer 2018/09/20 v3.54 A class for typesetting presentations
(d:/TeXLive/texlive/2018/texmf-dist/tex/latex/beamer/beamerbasemodes.sty
(d:/TeXLive/texlive/2018/texmf-dist/tex/latex/etoolbox/etoolbox.sty
Package: etoolbox 2018/08/19 v2.5f e-TeX tools for LaTeX (JAW)
\etb@tempcnta=\count80
)
\beamer@tempbox=\box26
\beamer@tempcount=\count81
\c@beamerpauses=\count82

(d:/TeXLive/texlive/2018/texmf-dist/tex/latex/beamer/beamerbasedecode.sty
\beamer@slideinframe=\count83
\beamer@minimum=\count84
)
\beamer@commentbox=\box27
\beamer@modecount=\count85
)
(d:/TeXLive/texlive/2018/texmf-dist/tex/generic/oberdiek/ifpdf.sty
Package: ifpdf 2018/09/07 v3.3 Provides the ifpdf switch
)
\headdp=\dimen102
\footheight=\dimen103
\sidebarheight=\dimen104
\beamer@tempdim=\dimen105
\beamer@finalheight=\dimen106
\beamer@animht=\dimen107
\beamer@animdp=\dimen108
\beamer@animwd=\dimen109
\beamer@leftmargin=\dimen110
\beamer@rightmargin=\dimen111
\beamer@leftsidebar=\dimen112
\beamer@rightsidebar=\dimen113
\beamer@boxsize=\dimen114
\beamer@vboxoffset=\dimen115
\beamer@descdefault=\dimen116
\beamer@descriptionwidth=\dimen117
\beamer@lastskip=\skip41
\beamer@areabox=\box28
\beamer@animcurrent=\box29
\beamer@animshowbox=\box30
\beamer@sectionbox=\box31
\beamer@logobox=\box32
\beamer@linebox=\box33
\beamer@sectioncount=\count86
\beamer@subsubsectionmax=\count87
\beamer@subsectionmax=\count88
\beamer@sectionmax=\count89
\beamer@totalheads=\count90
\beamer@headcounter=\count91
\beamer@partstartpage=\count92
\beamer@sectionstartpage=\count93
\beamer@subsectionstartpage=\count94
\beamer@animationtempa=\count95
\beamer@animationtempb=\count96
\beamer@xpos=\count97
\beamer@ypos=\count98
\beamer@ypos@offset=\count99
\beamer@showpartnumber=\count100
\beamer@currentsubsection=\count101
\beamer@coveringdepth=\count102
\beamer@sectionadjust=\count103
\beamer@tocsectionnumber=\count104

(d:/TeXLive/texlive/2018/texmf-dist/tex/latex/beamer/beamerbaseoptions.sty
(d:/TeXLive/texlive/2018/texmf-dist/tex/latex/graphics/keyval.sty
Package: keyval 2014/10/28 v1.15 key=value parser (DPC)
\KV@toks@=\toks14
))
\beamer@paperwidth=\skip42
\beamer@paperheight=\skip43

(d:/TeXLive/texlive/2018/texmf-dist/tex/latex/geometry/geometry.sty
Package: geometry 2018/04/16 v5.8 Page Geometry

(d:/TeXLive/texlive/2018/texmf-dist/tex/generic/oberdiek/ifvtex.sty
Package: ifvtex 2016/05/16 v1.6 Detect VTeX and its facilities (HO)
Package ifvtex Info: VTeX not detected.
)
(d:/TeXLive/texlive/2018/texmf-dist/tex/generic/ifxetex/ifxetex.sty
Package: ifxetex 2010/09/12 v0.6 Provides ifxetex conditional
)
\Gm@cnth=\count105
\Gm@cntv=\count106
\c@Gm@tempcnt=\count107
\Gm@bindingoffset=\dimen118
\Gm@wd@mp=\dimen119
\Gm@odd@mp=\dimen120
\Gm@even@mp=\dimen121
\Gm@layoutwidth=\dimen122
\Gm@layoutheight=\dimen123
\Gm@layouthoffset=\dimen124
\Gm@layoutvoffset=\dimen125
\Gm@dimlist=\toks15
)
(d:/TeXLive/texlive/2018/texmf-dist/tex/latex/base/size11.clo
File: size11.clo 2014/09/29 v1.4h Standard LaTeX file (size option)
)
(d:/TeXLive/texlive/2018/texmf-dist/tex/latex/pgf/basiclayer/pgfcore.sty
(d:/TeXLive/texlive/2018/texmf-dist/tex/latex/graphics/graphicx.sty
Package: graphicx 2017/06/01 v1.1a Enhanced LaTeX Graphics (DPC,SPQR)

(d:/TeXLive/texlive/2018/texmf-dist/tex/latex/graphics/graphics.sty
Package: graphics 2017/06/25 v1.2c Standard LaTeX Graphics (DPC,SPQR)

(d:/TeXLive/texlive/2018/texmf-dist/tex/latex/graphics/trig.sty
Package: trig 2016/01/03 v1.10 sin cos tan (DPC)
)
(d:/TeXLive/texlive/2018/texmf-dist/tex/latex/graphics-cfg/graphics.cfg
File: graphics.cfg 2016/06/04 v1.11 sample graphics configuration
)
Package graphics Info: Driver file: pdftex.def on input line 99.

(d:/TeXLive/texlive/2018/texmf-dist/tex/latex/graphics-def/pdftex.def
File: pdftex.def 2018/01/08 v1.0l Graphics/color driver for pdftex
))
\Gin@req@height=\dimen126
\Gin@req@width=\dimen127
)
(d:/TeXLive/texlive/2018/texmf-dist/tex/latex/pgf/systemlayer/pgfsys.sty
(d:/TeXLive/texlive/2018/texmf-dist/tex/latex/pgf/utilities/pgfrcs.sty
(d:/TeXLive/texlive/2018/texmf-dist/tex/generic/pgf/utilities/pgfutil-common.te
x
\pgfutil@everybye=\toks16
\pgfutil@tempdima=\dimen128
\pgfutil@tempdimb=\dimen129

(d:/TeXLive/texlive/2018/texmf-dist/tex/generic/pgf/utilities/pgfutil-common-li
sts.tex))
(d:/TeXLive/texlive/2018/texmf-dist/tex/generic/pgf/utilities/pgfutil-latex.def
\pgfutil@abb=\box34
(d:/TeXLive/texlive/2018/texmf-dist/tex/latex/ms/everyshi.sty
Package: everyshi 2001/05/15 v3.00 EveryShipout Package (MS)
))
(d:/TeXLive/texlive/2018/texmf-dist/tex/generic/pgf/utilities/pgfrcs.code.tex
Package: pgfrcs 2015/08/07 v3.0.1a (rcs-revision 1.31)
))
(d:/TeXLive/texlive/2018/texmf-dist/tex/generic/pgf/systemlayer/pgfsys.code.tex
Package: pgfsys 2014/07/09 v3.0.1a (rcs-revision 1.48)
(d:/TeXLive/texlive/2018/texmf-dist/tex/generic/pgf/utilities/pgfkeys.code.tex
\pgfkeys@pathtoks=\toks17
\pgfkeys@temptoks=\toks18

(d:/TeXLive/texlive/2018/texmf-dist/tex/generic/pgf/utilities/pgfkeysfiltered.c
ode.tex
\pgfkeys@tmptoks=\toks19
))
\pgf@x=\dimen130
\pgf@y=\dimen131
\pgf@xa=\dimen132
\pgf@ya=\dimen133
\pgf@xb=\dimen134
\pgf@yb=\dimen135
\pgf@xc=\dimen136
\pgf@yc=\dimen137
\w@pgf@writea=\write3
\r@pgf@reada=\read1
\c@pgf@counta=\count108
\c@pgf@countb=\count109
\c@pgf@countc=\count110
\c@pgf@countd=\count111
\t@pgf@toka=\toks20
\t@pgf@tokb=\toks21
\t@pgf@tokc=\toks22

(d:/TeXLive/texlive/2018/texmf-dist/tex/generic/pgf/systemlayer/pgf.cfg
File: pgf.cfg 2008/05/14  (rcs-revision 1.7)
)
Driver file for pgf: pgfsys-pdftex.def

(d:/TeXLive/texlive/2018/texmf-dist/tex/generic/pgf/systemlayer/pgfsys-pdftex.d
ef
File: pgfsys-pdftex.def 2014/10/11  (rcs-revision 1.35)

(d:/TeXLive/texlive/2018/texmf-dist/tex/generic/pgf/systemlayer/pgfsys-common-p
df.def
File: pgfsys-common-pdf.def 2013/10/10  (rcs-revision 1.13)
)))
(d:/TeXLive/texlive/2018/texmf-dist/tex/generic/pgf/systemlayer/pgfsyssoftpath.
code.tex
File: pgfsyssoftpath.code.tex 2013/09/09  (rcs-revision 1.9)
\pgfsyssoftpath@smallbuffer@items=\count112
\pgfsyssoftpath@bigbuffer@items=\count113
)
(d:/TeXLive/texlive/2018/texmf-dist/tex/generic/pgf/systemlayer/pgfsysprotocol.
code.tex
File: pgfsysprotocol.code.tex 2006/10/16  (rcs-revision 1.4)
)) (d:/TeXLive/texlive/2018/texmf-dist/tex/latex/xcolor/xcolor.sty
Package: xcolor 2016/05/11 v2.12 LaTeX color extensions (UK)

(d:/TeXLive/texlive/2018/texmf-dist/tex/latex/graphics-cfg/color.cfg
File: color.cfg 2016/01/02 v1.6 sample color configuration
)
Package xcolor Info: Driver file: pdftex.def on input line 225.

(d:/TeXLive/texlive/2018/texmf-dist/tex/latex/colortbl/colortbl.sty
Package: colortbl 2018/05/02 v1.0c Color table columns (DPC)

(d:/TeXLive/texlive/2018/texmf-dist/tex/latex/tools/array.sty
Package: array 2018/04/30 v2.4h Tabular extension package (FMi)
\col@sep=\dimen138
\ar@mcellbox=\box35
\extrarowheight=\dimen139
\NC@list=\toks23
\extratabsurround=\skip44
\backup@length=\skip45
\ar@cellbox=\box36
)
\everycr=\toks24
\minrowclearance=\skip46
)
\rownum=\count114
Package xcolor Info: Model `cmy' substituted by `cmy0' on input line 1348.
Package xcolor Info: Model `hsb' substituted by `rgb' on input line 1352.
Package xcolor Info: Model `RGB' extended on input line 1364.
Package xcolor Info: Model `HTML' substituted by `rgb' on input line 1366.
Package xcolor Info: Model `Hsb' substituted by `hsb' on input line 1367.
Package xcolor Info: Model `tHsb' substituted by `hsb' on input line 1368.
Package xcolor Info: Model `HSB' substituted by `hsb' on input line 1369.
Package xcolor Info: Model `Gray' substituted by `gray' on input line 1370.
Package xcolor Info: Model `wave' substituted by `hsb' on input line 1371.
)
(d:/TeXLive/texlive/2018/texmf-dist/tex/generic/pgf/basiclayer/pgfcore.code.tex
Package: pgfcore 2010/04/11 v3.0.1a (rcs-revision 1.7)
(d:/TeXLive/texlive/2018/texmf-dist/tex/generic/pgf/math/pgfmath.code.tex
(d:/TeXLive/texlive/2018/texmf-dist/tex/generic/pgf/math/pgfmathcalc.code.tex
(d:/TeXLive/texlive/2018/texmf-dist/tex/generic/pgf/math/pgfmathutil.code.tex)
(d:/TeXLive/texlive/2018/texmf-dist/tex/generic/pgf/math/pgfmathparser.code.tex
\pgfmath@dimen=\dimen140
\pgfmath@count=\count115
\pgfmath@box=\box37
\pgfmath@toks=\toks25
\pgfmath@stack@operand=\toks26
\pgfmath@stack@operation=\toks27
)
(d:/TeXLive/texlive/2018/texmf-dist/tex/generic/pgf/math/pgfmathfunctions.code.
tex
(d:/TeXLive/texlive/2018/texmf-dist/tex/generic/pgf/math/pgfmathfunctions.basic
.code.tex)
(d:/TeXLive/texlive/2018/texmf-dist/tex/generic/pgf/math/pgfmathfunctions.trigo
nometric.code.tex)
(d:/TeXLive/texlive/2018/texmf-dist/tex/generic/pgf/math/pgfmathfunctions.rando
m.code.tex)
(d:/TeXLive/texlive/2018/texmf-dist/tex/generic/pgf/math/pgfmathfunctions.compa
rison.code.tex)
(d:/TeXLive/texlive/2018/texmf-dist/tex/generic/pgf/math/pgfmathfunctions.base.
code.tex)
(d:/TeXLive/texlive/2018/texmf-dist/tex/generic/pgf/math/pgfmathfunctions.round
.code.tex)
(d:/TeXLive/texlive/2018/texmf-dist/tex/generic/pgf/math/pgfmathfunctions.misc.
code.tex)
(d:/TeXLive/texlive/2018/texmf-dist/tex/generic/pgf/math/pgfmathfunctions.integ
erarithmetics.code.tex)))
(d:/TeXLive/texlive/2018/texmf-dist/tex/generic/pgf/math/pgfmathfloat.code.tex
\c@pgfmathroundto@lastzeros=\count116
))
(d:/TeXLive/texlive/2018/texmf-dist/tex/generic/pgf/basiclayer/pgfcorepoints.co
de.tex
File: pgfcorepoints.code.tex 2013/10/07  (rcs-revision 1.27)
\pgf@picminx=\dimen141
\pgf@picmaxx=\dimen142
\pgf@picminy=\dimen143
\pgf@picmaxy=\dimen144
\pgf@pathminx=\dimen145
\pgf@pathmaxx=\dimen146
\pgf@pathminy=\dimen147
\pgf@pathmaxy=\dimen148
\pgf@xx=\dimen149
\pgf@xy=\dimen150
\pgf@yx=\dimen151
\pgf@yy=\dimen152
\pgf@zx=\dimen153
\pgf@zy=\dimen154
)
(d:/TeXLive/texlive/2018/texmf-dist/tex/generic/pgf/basiclayer/pgfcorepathconst
ruct.code.tex
File: pgfcorepathconstruct.code.tex 2013/10/07  (rcs-revision 1.29)
\pgf@path@lastx=\dimen155
\pgf@path@lasty=\dimen156
)
(d:/TeXLive/texlive/2018/texmf-dist/tex/generic/pgf/basiclayer/pgfcorepathusage
.code.tex
File: pgfcorepathusage.code.tex 2014/11/02  (rcs-revision 1.24)
\pgf@shorten@end@additional=\dimen157
\pgf@shorten@start@additional=\dimen158
)
(d:/TeXLive/texlive/2018/texmf-dist/tex/generic/pgf/basiclayer/pgfcorescopes.co
de.tex
File: pgfcorescopes.code.tex 2015/05/08  (rcs-revision 1.46)
\pgfpic=\box38
\pgf@hbox=\box39
\pgf@layerbox@main=\box40
\pgf@picture@serial@count=\count117
)
(d:/TeXLive/texlive/2018/texmf-dist/tex/generic/pgf/basiclayer/pgfcoregraphicst
ate.code.tex
File: pgfcoregraphicstate.code.tex 2014/11/02  (rcs-revision 1.12)
\pgflinewidth=\dimen159
)
(d:/TeXLive/texlive/2018/texmf-dist/tex/generic/pgf/basiclayer/pgfcoretransform
ations.code.tex
File: pgfcoretransformations.code.tex 2015/08/07  (rcs-revision 1.20)
\pgf@pt@x=\dimen160
\pgf@pt@y=\dimen161
\pgf@pt@temp=\dimen162
)
(d:/TeXLive/texlive/2018/texmf-dist/tex/generic/pgf/basiclayer/pgfcorequick.cod
e.tex
File: pgfcorequick.code.tex 2008/10/09  (rcs-revision 1.3)
)
(d:/TeXLive/texlive/2018/texmf-dist/tex/generic/pgf/basiclayer/pgfcoreobjects.c
ode.tex
File: pgfcoreobjects.code.tex 2006/10/11  (rcs-revision 1.2)
)
(d:/TeXLive/texlive/2018/texmf-dist/tex/generic/pgf/basiclayer/pgfcorepathproce
ssing.code.tex
File: pgfcorepathprocessing.code.tex 2013/09/09  (rcs-revision 1.9)
)
(d:/TeXLive/texlive/2018/texmf-dist/tex/generic/pgf/basiclayer/pgfcorearrows.co
de.tex
File: pgfcorearrows.code.tex 2015/05/14  (rcs-revision 1.43)
\pgfarrowsep=\dimen163
)
(d:/TeXLive/texlive/2018/texmf-dist/tex/generic/pgf/basiclayer/pgfcoreshade.cod
e.tex
File: pgfcoreshade.code.tex 2013/07/15  (rcs-revision 1.15)
\pgf@max=\dimen164
\pgf@sys@shading@range@num=\count118
)
(d:/TeXLive/texlive/2018/texmf-dist/tex/generic/pgf/basiclayer/pgfcoreimage.cod
e.tex
File: pgfcoreimage.code.tex 2013/07/15  (rcs-revision 1.18)

(d:/TeXLive/texlive/2018/texmf-dist/tex/generic/pgf/basiclayer/pgfcoreexternal.
code.tex
File: pgfcoreexternal.code.tex 2014/07/09  (rcs-revision 1.21)
\pgfexternal@startupbox=\box41
))
(d:/TeXLive/texlive/2018/texmf-dist/tex/generic/pgf/basiclayer/pgfcorelayers.co
de.tex
File: pgfcorelayers.code.tex 2013/07/18  (rcs-revision 1.7)
)
(d:/TeXLive/texlive/2018/texmf-dist/tex/generic/pgf/basiclayer/pgfcoretranspare
ncy.code.tex
File: pgfcoretransparency.code.tex 2013/09/30  (rcs-revision 1.5)
)
(d:/TeXLive/texlive/2018/texmf-dist/tex/generic/pgf/basiclayer/pgfcorepatterns.
code.tex
File: pgfcorepatterns.code.tex 2013/11/07  (rcs-revision 1.5)
)))
(d:/TeXLive/texlive/2018/texmf-dist/tex/latex/pgf/utilities/xxcolor.sty
Package: xxcolor 2003/10/24 ver 0.1
\XC@nummixins=\count119
\XC@countmixins=\count120
)
(d:/TeXLive/texlive/2018/texmf-dist/tex/generic/oberdiek/atbegshi.sty
Package: atbegshi 2016/06/09 v1.18 At begin shipout hook (HO)

(d:/TeXLive/texlive/2018/texmf-dist/tex/generic/oberdiek/infwarerr.sty
Package: infwarerr 2016/05/16 v1.4 Providing info/warning/error messages (HO)
)
(d:/TeXLive/texlive/2018/texmf-dist/tex/generic/oberdiek/ltxcmds.sty
Package: ltxcmds 2016/05/16 v1.23 LaTeX kernel commands for general use (HO)
))
(d:/TeXLive/texlive/2018/texmf-dist/tex/latex/hyperref/hyperref.sty
Package: hyperref 2018/09/30 v6.88a Hypertext links for LaTeX

(d:/TeXLive/texlive/2018/texmf-dist/tex/generic/oberdiek/hobsub-hyperref.sty
Package: hobsub-hyperref 2016/05/16 v1.14 Bundle oberdiek, subset hyperref (HO)


(d:/TeXLive/texlive/2018/texmf-dist/tex/generic/oberdiek/hobsub-generic.sty
Package: hobsub-generic 2016/05/16 v1.14 Bundle oberdiek, subset generic (HO)
Package: hobsub 2016/05/16 v1.14 Construct package bundles (HO)
Package hobsub Info: Skipping package `infwarerr' (already loaded).
Package hobsub Info: Skipping package `ltxcmds' (already loaded).
Package: ifluatex 2016/05/16 v1.4 Provides the ifluatex switch (HO)
Package ifluatex Info: LuaTeX not detected.
Package hobsub Info: Skipping package `ifvtex' (already loaded).
Package: intcalc 2016/05/16 v1.2 Expandable calculations with integers (HO)
Package hobsub Info: Skipping package `ifpdf' (already loaded).
Package: etexcmds 2016/05/16 v1.6 Avoid name clashes with e-TeX commands (HO)
Package etexcmds Info: Could not find \expanded.
(etexcmds)             That can mean that you are not using pdfTeX 1.50 or
(etexcmds)             that some package has redefined \expanded.
(etexcmds)             In the latter case, load this package earlier.
Package: kvsetkeys 2016/05/16 v1.17 Key value parser (HO)
Package: kvdefinekeys 2016/05/16 v1.4 Define keys (HO)
Package: pdftexcmds 2018/09/10 v0.29 Utility functions of pdfTeX for LuaTeX (HO
)
Package pdftexcmds Info: LuaTeX not detected.
Package pdftexcmds Info: \pdf@primitive is available.
Package pdftexcmds Info: \pdf@ifprimitive is available.
Package pdftexcmds Info: \pdfdraftmode found.
Package: pdfescape 2016/05/16 v1.14 Implements pdfTeX's escape features (HO)
Package: bigintcalc 2016/05/16 v1.4 Expandable calculations on big integers (HO
)
Package: bitset 2016/05/16 v1.2 Handle bit-vector datatype (HO)
Package: uniquecounter 2016/05/16 v1.3 Provide unlimited unique counter (HO)
)
Package hobsub Info: Skipping package `hobsub' (already loaded).
Package: letltxmacro 2016/05/16 v1.5 Let assignment for LaTeX macros (HO)
Package: hopatch 2016/05/16 v1.3 Wrapper for package hooks (HO)
Package: xcolor-patch 2016/05/16 xcolor patch
Package: atveryend 2016/05/16 v1.9 Hooks at the very end of document (HO)
Package hobsub Info: Skipping package `atbegshi' (already loaded).
Package: refcount 2016/05/16 v3.5 Data extraction from label references (HO)
Package: hycolor 2016/05/16 v1.8 Color options for hyperref/bookmark (HO)
)
(d:/TeXLive/texlive/2018/texmf-dist/tex/latex/oberdiek/auxhook.sty
Package: auxhook 2016/05/16 v1.4 Hooks for auxiliary files (HO)
)
(d:/TeXLive/texlive/2018/texmf-dist/tex/latex/oberdiek/kvoptions.sty
Package: kvoptions 2016/05/16 v3.12 Key value format for package options (HO)
)
\@linkdim=\dimen165
\Hy@linkcounter=\count121
\Hy@pagecounter=\count122

(d:/TeXLive/texlive/2018/texmf-dist/tex/latex/hyperref/pd1enc.def
File: pd1enc.def 2018/09/30 v6.88a Hyperref: PDFDocEncoding definition (HO)
Now handling font encoding PD1 ...
... no UTF-8 mapping file for font encoding PD1
)
\Hy@SavedSpaceFactor=\count123

(d:/TeXLive/texlive/2018/texmf-dist/tex/latex/latexconfig/hyperref.cfg
File: hyperref.cfg 2002/06/06 v1.2 hyperref configuration of TeXLive
)
Package hyperref Info: Option `final' set `true' on input line 4409.
Package hyperref Info: Option `bookmarks' set `true' on input line 4409.
Package hyperref Info: Option `bookmarksopen' set `true' on input line 4409.
Package hyperref Info: Option `pdfpagelabels' set `false' on input line 4409.
Package hyperref Info: Option `implicit' set `false' on input line 4409.
Package hyperref Info: Hyper figures OFF on input line 4535.
Package hyperref Info: Link nesting OFF on input line 4540.
Package hyperref Info: Hyper index ON on input line 4543.
Package hyperref Info: Plain pages OFF on input line 4550.
Package hyperref Info: Backreferencing OFF on input line 4555.
Package hyperref Info: Implicit mode OFF; no redefinition of LaTeX internals.
Package hyperref Info: Bookmarks ON on input line 4788.
\c@Hy@tempcnt=\count124

(d:/TeXLive/texlive/2018/texmf-dist/tex/latex/url/url.sty
\Urlmuskip=\muskip10
Package: url 2013/09/16  ver 3.4  Verb mode for urls, etc.
)
LaTeX Info: Redefining \url on input line 5141.
\XeTeXLinkMargin=\dimen166
\Fld@menulength=\count125
\Field@Width=\dimen167
\Fld@charsize=\dimen168
Package hyperref Info: Hyper figures OFF on input line 6396.
Package hyperref Info: Link nesting OFF on input line 6401.
Package hyperref Info: Hyper index ON on input line 6404.
Package hyperref Info: backreferencing OFF on input line 6411.
Package hyperref Info: Link coloring OFF on input line 6416.
Package hyperref Info: Link coloring with OCG OFF on input line 6421.
Package hyperref Info: PDF/A mode OFF on input line 6426.
LaTeX Info: Redefining \ref on input line 6466.
LaTeX Info: Redefining \pageref on input line 6470.


Package hyperref Message: Stopped early.

)
Package hyperref Info: Driver (autodetected): hpdftex.
 (d:/TeXLive/texlive/2018/texmf-dist/tex/latex/hyperref/hpdftex.def
File: hpdftex.def 2018/09/30 v6.88a Hyperref driver for pdfTeX
\Fld@listcount=\count126
\c@bookmark@seq@number=\count127

(d:/TeXLive/texlive/2018/texmf-dist/tex/latex/oberdiek/rerunfilecheck.sty
Package: rerunfilecheck 2016/05/16 v1.8 Rerun checks for auxiliary files (HO)
Package uniquecounter Info: New unique counter `rerunfilecheck' on input line 2
82.
))
(d:/TeXLive/texlive/2018/texmf-dist/tex/latex/beamer/beamerbaserequires.sty
(d:/TeXLive/texlive/2018/texmf-dist/tex/latex/beamer/beamerbasecompatibility.st
y) (d:/TeXLive/texlive/2018/texmf-dist/tex/latex/beamer/beamerbasefont.sty
(d:/TeXLive/texlive/2018/texmf-dist/tex/latex/amsfonts/amssymb.sty
Package: amssymb 2013/01/14 v3.01 AMS font symbols

(d:/TeXLive/texlive/2018/texmf-dist/tex/latex/amsfonts/amsfonts.sty
Package: amsfonts 2013/01/14 v3.01 Basic AMSFonts support
\@emptytoks=\toks28
\symAMSa=\mathgroup4
\symAMSb=\mathgroup5
LaTeX Font Info:    Overwriting math alphabet `\mathfrak' in version `bold'
(Font)                  U/euf/m/n --> U/euf/b/n on input line 106.
))
(d:/TeXLive/texlive/2018/texmf-dist/tex/latex/sansmathaccent/sansmathaccent.sty
Package: sansmathaccent 2013/03/28
(d:/TeXLive/texlive/2018/texmf-dist/tex/latex/filehook/filehook.sty
Package: filehook 2011/10/12 v0.5d Hooks for input files
)))
(d:/TeXLive/texlive/2018/texmf-dist/tex/latex/beamer/beamerbasetranslator.sty
(d:/TeXLive/texlive/2018/texmf-dist/tex/latex/translator/translator.sty
Package: translator 2018/01/04 v1.12 Easy translation of strings in LaTeX
))
(d:/TeXLive/texlive/2018/texmf-dist/tex/latex/beamer/beamerbasemisc.sty)
(d:/TeXLive/texlive/2018/texmf-dist/tex/latex/beamer/beamerbasetwoscreens.sty)
(d:/TeXLive/texlive/2018/texmf-dist/tex/latex/beamer/beamerbaseoverlay.sty
\beamer@argscount=\count128
\beamer@lastskipcover=\skip47
\beamer@trivlistdepth=\count129
)
(d:/TeXLive/texlive/2018/texmf-dist/tex/latex/beamer/beamerbasetitle.sty)
(d:/TeXLive/texlive/2018/texmf-dist/tex/latex/beamer/beamerbasesection.sty
\c@lecture=\count130
\c@part=\count131
\c@section=\count132
\c@subsection=\count133
\c@subsubsection=\count134
)
(d:/TeXLive/texlive/2018/texmf-dist/tex/latex/beamer/beamerbaseframe.sty
\beamer@framebox=\box42
\beamer@frametitlebox=\box43
\beamer@zoombox=\box44
\beamer@zoomcount=\count135
\beamer@zoomframecount=\count136
\beamer@frametextheight=\dimen169
\c@subsectionslide=\count137
\beamer@frametopskip=\skip48
\beamer@framebottomskip=\skip49
\beamer@frametopskipautobreak=\skip50
\beamer@framebottomskipautobreak=\skip51
\beamer@envbody=\toks29
\framewidth=\dimen170
\c@framenumber=\count138
)
(d:/TeXLive/texlive/2018/texmf-dist/tex/latex/beamer/beamerbaseverbatim.sty
\beamer@verbatimfileout=\write4
)
(d:/TeXLive/texlive/2018/texmf-dist/tex/latex/beamer/beamerbaseframesize.sty
\beamer@splitbox=\box45
\beamer@autobreakcount=\count139
\beamer@autobreaklastheight=\dimen171
\beamer@frametitletoks=\toks30
\beamer@framesubtitletoks=\toks31
)
(d:/TeXLive/texlive/2018/texmf-dist/tex/latex/beamer/beamerbaseframecomponents.
sty
\beamer@footins=\box46
) (d:/TeXLive/texlive/2018/texmf-dist/tex/latex/beamer/beamerbasecolor.sty)
(d:/TeXLive/texlive/2018/texmf-dist/tex/latex/beamer/beamerbasenotes.sty
\beamer@frameboxcopy=\box47
)
(d:/TeXLive/texlive/2018/texmf-dist/tex/latex/beamer/beamerbasetoc.sty)
(d:/TeXLive/texlive/2018/texmf-dist/tex/latex/beamer/beamerbasetemplates.sty
\beamer@sbttoks=\toks32

(d:/TeXLive/texlive/2018/texmf-dist/tex/latex/beamer/beamerbaseauxtemplates.sty
(d:/TeXLive/texlive/2018/texmf-dist/tex/latex/beamer/beamerbaseboxes.sty
\bmb@box=\box48
\bmb@colorbox=\box49
\bmb@boxshadow=\box50
\bmb@boxshadowball=\box51
\bmb@boxshadowballlarge=\box52
\bmb@temp=\dimen172
\bmb@dima=\dimen173
\bmb@dimb=\dimen174
\bmb@prevheight=\dimen175
)
\beamer@blockheadheight=\dimen176
))
(d:/TeXLive/texlive/2018/texmf-dist/tex/latex/beamer/beamerbaselocalstructure.s
ty (d:/TeXLive/texlive/2018/texmf-dist/tex/latex/tools/enumerate.sty
Package: enumerate 2015/07/23 v3.00 enumerate extensions (DPC)
\@enLab=\toks33
)
\c@figure=\count140
\c@table=\count141
\abovecaptionskip=\skip52
\belowcaptionskip=\skip53
)
(d:/TeXLive/texlive/2018/texmf-dist/tex/latex/beamer/beamerbasenavigation.sty
\beamer@section@min@dim=\dimen177
)
(d:/TeXLive/texlive/2018/texmf-dist/tex/latex/beamer/beamerbasetheorems.sty
(d:/TeXLive/texlive/2018/texmf-dist/tex/latex/amsmath/amsmath.sty
Package: amsmath 2017/09/02 v2.17a AMS math features
\@mathmargin=\skip54

For additional information on amsmath, use the `?' option.
(d:/TeXLive/texlive/2018/texmf-dist/tex/latex/amsmath/amstext.sty
Package: amstext 2000/06/29 v2.01 AMS text

(d:/TeXLive/texlive/2018/texmf-dist/tex/latex/amsmath/amsgen.sty
File: amsgen.sty 1999/11/30 v2.0 generic functions
\@emptytoks=\toks34
\ex@=\dimen178
))
(d:/TeXLive/texlive/2018/texmf-dist/tex/latex/amsmath/amsbsy.sty
Package: amsbsy 1999/11/29 v1.2d Bold Symbols
\pmbraise@=\dimen179
)
(d:/TeXLive/texlive/2018/texmf-dist/tex/latex/amsmath/amsopn.sty
Package: amsopn 2016/03/08 v2.02 operator names
)
\inf@bad=\count142
LaTeX Info: Redefining \frac on input line 213.
\uproot@=\count143
\leftroot@=\count144
LaTeX Info: Redefining \overline on input line 375.
\classnum@=\count145
\DOTSCASE@=\count146
LaTeX Info: Redefining \ldots on input line 472.
LaTeX Info: Redefining \dots on input line 475.
LaTeX Info: Redefining \cdots on input line 596.
\Mathstrutbox@=\box53
\strutbox@=\box54
\big@size=\dimen180
LaTeX Font Info:    Redeclaring font encoding OML on input line 712.
LaTeX Font Info:    Redeclaring font encoding OMS on input line 713.
\macc@depth=\count147
\c@MaxMatrixCols=\count148
\dotsspace@=\muskip11
\c@parentequation=\count149
\dspbrk@lvl=\count150
\tag@help=\toks35
\row@=\count151
\column@=\count152
\maxfields@=\count153
\andhelp@=\toks36
\eqnshift@=\dimen181
\alignsep@=\dimen182
\tagshift@=\dimen183
\tagwidth@=\dimen184
\totwidth@=\dimen185
\lineht@=\dimen186
\@envbody=\toks37
\multlinegap=\skip55
\multlinetaggap=\skip56
\mathdisplay@stack=\toks38
LaTeX Info: Redefining \[ on input line 2817.
LaTeX Info: Redefining \] on input line 2818.
)
(d:/TeXLive/texlive/2018/texmf-dist/tex/latex/amscls/amsthm.sty
Package: amsthm 2017/10/31 v2.20.4
\thm@style=\toks39
\thm@bodyfont=\toks40
\thm@headfont=\toks41
\thm@notefont=\toks42
\thm@headpunct=\toks43
\thm@preskip=\skip57
\thm@postskip=\skip58
\thm@headsep=\skip59
\dth@everypar=\toks44
)
\c@theorem=\count154
)
(d:/TeXLive/texlive/2018/texmf-dist/tex/latex/beamer/beamerbasethemes.sty))
(d:/TeXLive/texlive/2018/texmf-dist/tex/latex/beamer/beamerthemedefault.sty
(d:/TeXLive/texlive/2018/texmf-dist/tex/latex/beamer/beamerfontthemedefault.sty
)
(d:/TeXLive/texlive/2018/texmf-dist/tex/latex/beamer/beamercolorthemedefault.st
y)
(d:/TeXLive/texlive/2018/texmf-dist/tex/latex/beamer/beamerinnerthemedefault.st
y
\beamer@dima=\dimen187
\beamer@dimb=\dimen188
)
(d:/TeXLive/texlive/2018/texmf-dist/tex/latex/beamer/beamerouterthemedefault.st
y))) (./beamerthemeCDP.sty
Package: beamerthemeCDP 
 (./beamerposter.sty
Package: beamerposter 2009/09/02 v.1.10 latex-beamer poster extension

(d:/TeXLive/texlive/2018/texmf-dist/tex/latex/xkeyval/xkeyval.sty
Package: xkeyval 2014/12/03 v2.7a package option processing (HA)

(d:/TeXLive/texlive/2018/texmf-dist/tex/generic/xkeyval/xkeyval.tex
(d:/TeXLive/texlive/2018/texmf-dist/tex/generic/xkeyval/xkvutils.tex
\XKV@toks=\toks45
\XKV@tempa@toks=\toks46
)
\XKV@depth=\count155
File: xkeyval.tex 2014/12/03 v2.7a key=value parser (HA)
))
(d:/TeXLive/texlive/2018/texmf-dist/tex/latex/type1cm/type1cm.sty
Package: type1cm 2002/09/05 v0.04 BlueSky/Y&Y Type1 CM font definitions (DPC, p
atched RF)
)
(d:/TeXLive/texlive/2018/texmf-dist/tex/latex/fp/fp.sty
Package: fp 1995/04/02

`Fixed Point Package', Version 0.8, April 2, 1995 (C) Michael Mehlich
(d:/TeXLive/texlive/2018/texmf-dist/tex/latex/fp/defpattern.sty
Package: defpattern 1994/10/12
\actioncount=\count156
)
(d:/TeXLive/texlive/2018/texmf-dist/tex/latex/fp/fp-basic.sty
Package: fp-basic 1996/05/13
\FP@xs=\count157
\FP@xia=\count158
\FP@xib=\count159
\FP@xfa=\count160
\FP@xfb=\count161
\FP@rega=\count162
\FP@regb=\count163
\FP@regs=\count164
\FP@times=\count165
)
(d:/TeXLive/texlive/2018/texmf-dist/tex/latex/fp/fp-addons.sty
Package: fp-addons 1995/03/15
)
(d:/TeXLive/texlive/2018/texmf-dist/tex/latex/fp/fp-snap.sty
Package: fp-snap 1995/04/05
)
(d:/TeXLive/texlive/2018/texmf-dist/tex/latex/fp/fp-exp.sty
Package: fp-exp 1995/04/03
)
(d:/TeXLive/texlive/2018/texmf-dist/tex/latex/fp/fp-trigo.sty
Package: fp-trigo 1995/04/14
)
(d:/TeXLive/texlive/2018/texmf-dist/tex/latex/fp/fp-pas.sty
Package: fp-pas 1994/08/29
)
(d:/TeXLive/texlive/2018/texmf-dist/tex/latex/fp/fp-random.sty
Package: fp-random 1995/02/23
\FPseed=\count166
)
(d:/TeXLive/texlive/2018/texmf-dist/tex/latex/fp/fp-eqn.sty
Package: fp-eqn 1995/04/03
)
(d:/TeXLive/texlive/2018/texmf-dist/tex/latex/fp/fp-upn.sty
Package: fp-upn 1996/10/21
)
(d:/TeXLive/texlive/2018/texmf-dist/tex/latex/fp/fp-eval.sty
Package: fp-eval 1995/04/03
))
Package beamerposter Info: checking size input, please wait. on input line 126.

Package beamerposter Info: the input a0\ 1\ was correct, we proceed. on input l
ine 126.
Package beamerposter Info: finished size input check. on input line 126.
Package beamerposter Info: myfontscale=1.0 on input line 126.
Package beamerposter Info: checking size input, please wait. on input line 127.

Package beamerposter Info: the input a0\ 1\ was correct, we proceed. on input l
ine 127.
Package beamerposter Info: finished size input check. on input line 127.
Package beamerposter Info: checking orientation input, please wait. on input li
ne 127.
Package beamerposter Info: the input portrait\ 0\ was correct, we proceed. on i
nput line 127.
Package beamerposter Info: finished orientation check. on input line 127.
 ( FP-UPN
( FP-MUL ) ( FP-ROUND ) )
\tmp=\dimen189
Package beamerposter Info: paperwidth=2388.89357pt, paperheight=3380.75665pt on
 input line 170.
Package beamerposter Info: textwidth=2360.44081pt, textwidth=3352.3039pt on inp
ut line 171.
Package beamerposter Info: fontscale=1.0, myfontscale=1.00 on input line 172.
 ( FP-UPN ( FP-MUL ) ( FP-ROUND ) ) ( FP-UPN ( FP-MUL
) ( FP-ROUND ) ) ( FP-UPN ( FP-MUL ) ( FP-ROUND ) ) ( FP-UPN ( FP-MUL )
( FP-ROUND ) ) ( FP-UPN ( FP-MUL ) ( FP-ROUND ) ) ( FP-UPN ( FP-MUL )
( FP-ROUND ) ) ( FP-UPN ( FP-MUL ) ( FP-ROUND ) ) ( FP-UPN ( FP-MUL )
( FP-ROUND ) ) ( FP-UPN ( FP-MUL ) ( FP-ROUND ) ) ( FP-UPN ( FP-MUL )
( FP-ROUND ) ) ( FP-UPN ( FP-MUL ) ( FP-ROUND ) ) ( FP-UPN ( FP-MUL )
( FP-ROUND ) ) ( FP-UPN ( FP-MUL ) ( FP-ROUND ) ) ( FP-UPN ( FP-MUL )
( FP-ROUND ) ) ( FP-UPN ( FP-MUL ) ( FP-ROUND ) ) ( FP-UPN ( FP-MUL )
( FP-ROUND ) ) ( FP-UPN ( FP-MUL ) ( FP-ROUND ) ) ( FP-UPN ( FP-MUL )
( FP-ROUND ) ) ( FP-UPN ( FP-MUL ) ( FP-ROUND ) ) ( FP-UPN ( FP-MUL )
( FP-ROUND ) ) ( FP-UPN ( FP-MUL ) ( FP-ROUND ) ) ( FP-UPN ( FP-MUL )
( FP-ROUND ) ) ( FP-UPN ( FP-MUL ) ( FP-ROUND ) ) ( FP-UPN ( FP-MUL )
( FP-ROUND ) ) ( FP-UPN ( FP-MUL ) ( FP-ROUND ) ) ( FP-UPN ( FP-MUL )
( FP-ROUND ) ))
(d:/TeXLive/texlive/2018/texmf-dist/tex/latex/pgf/frontendlayer/tikz.sty
(d:/TeXLive/texlive/2018/texmf-dist/tex/latex/pgf/basiclayer/pgf.sty
Package: pgf 2015/08/07 v3.0.1a (rcs-revision 1.15)

(d:/TeXLive/texlive/2018/texmf-dist/tex/generic/pgf/modules/pgfmoduleshapes.cod
e.tex
File: pgfmoduleshapes.code.tex 2014/03/21  (rcs-revision 1.35)
\pgfnodeparttextbox=\box55
)
(d:/TeXLive/texlive/2018/texmf-dist/tex/generic/pgf/modules/pgfmoduleplot.code.
tex
File: pgfmoduleplot.code.tex 2015/08/03  (rcs-revision 1.13)
)
(d:/TeXLive/texlive/2018/texmf-dist/tex/latex/pgf/compatibility/pgfcomp-version
-0-65.sty
Package: pgfcomp-version-0-65 2007/07/03 v3.0.1a (rcs-revision 1.7)
\pgf@nodesepstart=\dimen190
\pgf@nodesepend=\dimen191
)
(d:/TeXLive/texlive/2018/texmf-dist/tex/latex/pgf/compatibility/pgfcomp-version
-1-18.sty
Package: pgfcomp-version-1-18 2007/07/23 v3.0.1a (rcs-revision 1.1)
))
(d:/TeXLive/texlive/2018/texmf-dist/tex/latex/pgf/utilities/pgffor.sty
(d:/TeXLive/texlive/2018/texmf-dist/tex/latex/pgf/utilities/pgfkeys.sty
(d:/TeXLive/texlive/2018/texmf-dist/tex/generic/pgf/utilities/pgfkeys.code.tex)
) (d:/TeXLive/texlive/2018/texmf-dist/tex/latex/pgf/math/pgfmath.sty
(d:/TeXLive/texlive/2018/texmf-dist/tex/generic/pgf/math/pgfmath.code.tex))
(d:/TeXLive/texlive/2018/texmf-dist/tex/generic/pgf/utilities/pgffor.code.tex
Package: pgffor 2013/12/13 v3.0.1a (rcs-revision 1.25)

(d:/TeXLive/texlive/2018/texmf-dist/tex/generic/pgf/math/pgfmath.code.tex)
\pgffor@iter=\dimen192
\pgffor@skip=\dimen193
\pgffor@stack=\toks47
\pgffor@toks=\toks48
))
(d:/TeXLive/texlive/2018/texmf-dist/tex/generic/pgf/frontendlayer/tikz/tikz.cod
e.tex
Package: tikz 2015/08/07 v3.0.1a (rcs-revision 1.151)

(d:/TeXLive/texlive/2018/texmf-dist/tex/generic/pgf/libraries/pgflibraryplothan
dlers.code.tex
File: pgflibraryplothandlers.code.tex 2013/08/31 v3.0.1a (rcs-revision 1.20)
\pgf@plot@mark@count=\count167
\pgfplotmarksize=\dimen194
)
\tikz@lastx=\dimen195
\tikz@lasty=\dimen196
\tikz@lastxsaved=\dimen197
\tikz@lastysaved=\dimen198
\tikzleveldistance=\dimen199
\tikzsiblingdistance=\dimen256
\tikz@figbox=\box56
\tikz@figbox@bg=\box57
\tikz@tempbox=\box58
\tikz@tempbox@bg=\box59
\tikztreelevel=\count168
\tikznumberofchildren=\count169
\tikznumberofcurrentchild=\count170
\tikz@fig@count=\count171

(d:/TeXLive/texlive/2018/texmf-dist/tex/generic/pgf/modules/pgfmodulematrix.cod
e.tex
File: pgfmodulematrix.code.tex 2013/09/17  (rcs-revision 1.8)
\pgfmatrixcurrentrow=\count172
\pgfmatrixcurrentcolumn=\count173
\pgf@matrix@numberofcolumns=\count174
)
\tikz@expandcount=\count175

(d:/TeXLive/texlive/2018/texmf-dist/tex/generic/pgf/frontendlayer/tikz/librarie
s/tikzlibrarytopaths.code.tex
File: tikzlibrarytopaths.code.tex 2008/06/17 v3.0.1a (rcs-revision 1.2)
)))
(d:/TeXLive/texlive/2018/texmf-dist/tex/latex/oberdiek/epstopdf.sty
Package: epstopdf 2016/05/15 v2.6 Conversion with epstopdf on the fly (HO)

(d:/TeXLive/texlive/2018/texmf-dist/tex/latex/oberdiek/epstopdf-base.sty
Package: epstopdf-base 2016/05/15 v2.6 Base part for package epstopdf

(d:/TeXLive/texlive/2018/texmf-dist/tex/latex/oberdiek/grfext.sty
Package: grfext 2016/05/16 v1.2 Manage graphics extensions (HO)
)
Package epstopdf-base Info: Redefining graphics rule for `.eps' on input line 4
38.
Package grfext Info: Graphics extension search list:
(grfext)             [.pdf,.png,.jpg,.mps,.jpeg,.jbig2,.jb2,.PDF,.PNG,.JPG,.JPE
G,.JBIG2,.JB2,.eps]
(grfext)             \AppendGraphicsExtensions on input line 456.

(d:/TeXLive/texlive/2018/texmf-dist/tex/latex/latexconfig/epstopdf-sys.cfg
File: epstopdf-sys.cfg 2010/07/13 v1.3 Configuration of (r)epstopdf for TeX Liv
e
)))
(d:/TeXLive/texlive/2018/texmf-dist/tex/latex/base/fontenc.sty
Package: fontenc 2017/04/05 v2.0i Standard LaTeX package

(d:/TeXLive/texlive/2018/texmf-dist/tex/latex/base/t1enc.def
File: t1enc.def 2017/04/05 v2.0i Standard LaTeX file
LaTeX Font Info:    Redeclaring font encoding T1 on input line 48.
))
(d:/TeXLive/texlive/2018/texmf-dist/tex/latex/base/inputenc.sty
Package: inputenc 2018/04/06 v1.3b Input encoding file
\inpenc@prehook=\toks49
\inpenc@posthook=\toks50
)
(d:/TeXLive/texlive/2018/texmf-dist/tex/latex/psnfss/helvet.sty
Package: helvet 2005/04/12 PSNFSS-v9.2a (WaS) 
)
\colWidth=\skip60
\colCWidth=\skip61
\LogoTextX=\skip62
)
(d:/TeXLive/texlive/2018/texmf-dist/tex/generic/babel/babel.sty
Package: babel 2018/10/16 3.26 The Babel package

(d:/TeXLive/texlive/2018/texmf-dist/tex/generic/babel/switch.def
File: switch.def 2018/10/16 3.26 Babel switching mechanism
)
(d:/TeXLive/texlive/2018/texmf-dist/tex/generic/babel-english/english.ldf
Language: english 2017/06/06 v3.3r English support from the babel system

(d:/TeXLive/texlive/2018/texmf-dist/tex/generic/babel/babel.def
File: babel.def 2018/10/16 3.26 Babel common definitions
\babel@savecnt=\count176
\U@D=\dimen257

(d:/TeXLive/texlive/2018/texmf-dist/tex/generic/babel/txtbabel.def)
LaTeX Info: Redefining \textlatin on input line 2003.
\bbl@dirlevel=\count177
)
\l@canadian = a dialect from \language\l@american 
\l@australian = a dialect from \language\l@british 
\l@newzealand = a dialect from \language\l@british 
))
(d:/TeXLive/texlive/2018/texmf-dist/tex/latex/ms/ragged2e.sty
Package: ragged2e 2009/05/21 v2.1 ragged2e Package (MS)

(d:/TeXLive/texlive/2018/texmf-dist/tex/latex/ms/everysel.sty
Package: everysel 2011/10/28 v1.2 EverySelectfont Package (MS)
)
\CenteringLeftskip=\skip63
\RaggedLeftLeftskip=\skip64
\RaggedRightLeftskip=\skip65
\CenteringRightskip=\skip66
\RaggedLeftRightskip=\skip67
\RaggedRightRightskip=\skip68
\CenteringParfillskip=\skip69
\RaggedLeftParfillskip=\skip70
\RaggedRightParfillskip=\skip71
\JustifyingParfillskip=\skip72
\CenteringParindent=\skip73
\RaggedLeftParindent=\skip74
\RaggedRightParindent=\skip75
\JustifyingParindent=\skip76
)
(d:/TeXLive/texlive/2018/texmf-dist/tex/latex/blindtext/blindtext.sty
Package: blindtext 2012/01/06 V2.0 blindtext-Package

(d:/TeXLive/texlive/2018/texmf-dist/tex/latex/tools/xspace.sty
Package: xspace 2014/10/28 v1.13 Space after command names (DPC,MH)
)
\c@blindtext=\count178
\c@Blindtext=\count179
\c@blind@countparstart=\count180
\blind@countxx=\count181
\blindtext@numBlindtext=\count182
\blind@countyy=\count183
\c@blindlist=\count184
\c@blindlistlevel=\count185
\c@blindlist@level=\count186
\blind@listitem=\count187
\c@blind@listcount=\count188
\c@blind@levelcount=\count189
\blind@mathformula=\count190
\blind@Mathformula=\count191
\c@blind@randomcount=\count192
\c@blind@randommax=\count193
\c@blind@pangramcount=\count194
\c@blind@pangrammax=\count195
)
(d:/TeXLive/texlive/2018/texmf-dist/tex/latex/jknapltx/mathrsfs.sty
Package: mathrsfs 1996/01/01 Math RSFS package v1.0 (jk)
\symrsfs=\mathgroup6
)
(d:/TeXLive/texlive/2018/texmf-dist/tex/latex/psnfss/times.sty
Package: times 2005/04/12 PSNFSS-v9.2a (SPQR) 
)
(d:/TeXLive/texlive/2018/texmf-dist/tex/latex/pdfpages/pdfpages.sty
Package: pdfpages 2017/10/31 v0.5l Insert pages of external PDF documents (AM)

(d:/TeXLive/texlive/2018/texmf-dist/tex/latex/base/ifthen.sty
Package: ifthen 2014/09/29 v1.1c Standard LaTeX ifthen package (DPC)
)
(d:/TeXLive/texlive/2018/texmf-dist/tex/latex/tools/calc.sty
Package: calc 2017/05/25 v4.3 Infix arithmetic (KKT,FJ)
\calc@Acount=\count196
\calc@Bcount=\count197
\calc@Adimen=\dimen258
\calc@Bdimen=\dimen259
\calc@Askip=\skip77
\calc@Bskip=\skip78
LaTeX Info: Redefining \setlength on input line 80.
LaTeX Info: Redefining \addtolength on input line 81.
\calc@Ccount=\count198
\calc@Cskip=\skip79
)
(d:/TeXLive/texlive/2018/texmf-dist/tex/latex/eso-pic/eso-pic.sty
Package: eso-pic 2018/04/12 v2.0h eso-pic (RN)
)
\AM@pagewidth=\dimen260
\AM@pageheight=\dimen261

(d:/TeXLive/texlive/2018/texmf-dist/tex/latex/pdfpages/pppdftex.def
File: pppdftex.def 2017/10/31 v0.5l Pdfpages driver for pdfTeX (AM)
)
\AM@pagebox=\box60
\AM@global@opts=\toks51
\AM@toc@title=\toks52
\c@AM@survey=\count199
\AM@templatesizebox=\box61
)
(d:/TeXLive/texlive/2018/texmf-dist/tex/latex/caption/subcaption.sty
Package: subcaption 2018/05/01 v1.1-162 Sub-captions (AR)

(d:/TeXLive/texlive/2018/texmf-dist/tex/latex/caption/caption.sty
Package: caption 2018/10/06 v3.3-154 Customizing captions (AR)

(d:/TeXLive/texlive/2018/texmf-dist/tex/latex/caption/caption3.sty
Package: caption3 2018/09/12 v1.8c caption3 kernel (AR)
Package caption3 Info: TeX engine: e-TeX on input line 64.
\captionmargin=\dimen262
\captionmargin@=\dimen263
\captionwidth=\dimen264
\caption@tempdima=\dimen265
\caption@indent=\dimen266
\caption@parindent=\dimen267
\caption@hangindent=\dimen268
)
\c@caption@flags=\count266
\c@ContinuedFloat=\count267
Package caption Info: beamer document class.
Package caption Info: hyperref package is loaded.
Package caption Info: Hyperref support is turned off
(caption)             because hyperref has stopped early.
)
\c@subfigure=\count268
\c@subtable=\count269
)
(d:/TeXLive/texlive/2018/texmf-dist/tex/latex/diagbox/diagbox.sty
Package: diagbox 2016/12/28 v2.2 Making table heads with diagonal lines

(d:/TeXLive/texlive/2018/texmf-dist/tex/latex/pict2e/pict2e.sty
Package: pict2e 2016/02/05 v0.3b Improved picture commands (HjG,RN,JT)

(d:/TeXLive/texlive/2018/texmf-dist/tex/latex/pict2e/pict2e.cfg
File: pict2e.cfg 2016/02/05 v0.1u pict2e configuration for teTeX/TeXLive
)
Package pict2e Info: Driver file: pdftex.def on input line 119.
Package pict2e Info: Driver file for pict2e: p2e-pdftex.def on input line 121.

(d:/TeXLive/texlive/2018/texmf-dist/tex/latex/pict2e/p2e-pdftex.def
File: p2e-pdftex.def 2016/02/05 v0.1u Driver-dependant file (RN,HjG,JT)
)
\pIIe@GRAPH=\toks53
\@arclen=\dimen269
\@arcrad=\dimen270
\@tempdimd=\dimen271
)
\diagbox@boxa=\box62
\diagbox@boxb=\box63
\diagbox@boxm=\box64
\diagbox@wd=\dimen272
\diagbox@ht=\dimen273
\diagbox@insepl=\dimen274
\diagbox@insepr=\dimen275
\diagbox@outsepl=\dimen276
\diagbox@outsepr=\dimen277
)
(d:/TeXLive/texlive/2018/texmf-dist/tex/generic/ulem/ulem.sty
\UL@box=\box65
\UL@hyphenbox=\box66
\UL@skip=\skip80
\UL@hook=\toks54
\UL@height=\dimen278
\UL@pe=\count270
\UL@pixel=\dimen279
\ULC@box=\box67
Package: ulem 2012/05/18
\ULdepth=\dimen280
)
(d:/TeXLive/texlive/2018/texmf-dist/tex/latex/was/upgreek.sty
Package: upgreek 2003/02/12 v2.0 (WaS)
Package upgreek Info: Using Euler Roman for upright Greek on input line 31.
\symugrf@m=\mathgroup7
LaTeX Font Info:    Overwriting symbol font `ugrf@m' in version `bold'
(Font)                  U/eur/m/n --> U/eur/b/n on input line 38.
)
(d:/TeXLive/texlive/2018/texmf-dist/tex/latex/todonotes/todonotes.sty
Package: todonotes 2015/07/09 .dtx Todonotes source and documentation.
Package: todonotes 2012/07/25

(d:/TeXLive/texlive/2018/texmf-dist/tex/generic/pgf/frontendlayer/tikz/librarie
s/tikzlibrarypositioning.code.tex
File: tikzlibrarypositioning.code.tex 2008/10/06 v3.0.1a (rcs-revision 1.7)
)
\c@@todonotes@numberoftodonotes=\count271
)
(d:/TeXLive/texlive/2018/texmf-dist/tex/latex/algorithms/algorithm.sty
Package: algorithm 2009/08/24 v0.1 Document Style `algorithm' - floating enviro
nment

(d:/TeXLive/texlive/2018/texmf-dist/tex/latex/float/float.sty
Package: float 2001/11/08 v1.3d Float enhancements (AL)
\c@float@type=\count272
\float@exts=\toks55
\float@box=\box68
\@float@everytoks=\toks56
\@floatcapt=\box69
)
\@float@every@algorithm=\toks57
\c@algorithm=\count273
)
(d:/TeXLive/texlive/2018/texmf-dist/tex/latex/algorithmicx/algpseudocode.sty
Package: algpseudocode 

(d:/TeXLive/texlive/2018/texmf-dist/tex/latex/algorithmicx/algorithmicx.sty
Package: algorithmicx 2005/04/27 v1.2 Algorithmicx

Document Style algorithmicx 1.2 - a greatly improved `algorithmic' style
\c@ALG@line=\count274
\c@ALG@rem=\count275
\c@ALG@nested=\count276
\ALG@tlm=\skip81
\ALG@thistlm=\skip82
\c@ALG@Lnr=\count277
\c@ALG@blocknr=\count278
\c@ALG@storecount=\count279
\c@ALG@tmpcounter=\count280
\ALG@tmplength=\skip83
)
Document Style - pseudocode environments for use with the `algorithmicx' style
) (d:/TeXLive/texlive/2018/texmf-dist/tex/latex/units/nicefrac.sty
Package: nicefrac 1998/08/04 v0.9b Nice fractions
\L@UnitsRaiseDisplaystyle=\skip84
\L@UnitsRaiseTextstyle=\skip85
\L@UnitsRaiseScriptstyle=\skip86
)
(d:/TeXLive/texlive/2018/texmf-dist/tex/latex/l3packages/xparse/xparse.sty
(d:/TeXLive/texlive/2018/texmf-dist/tex/latex/l3kernel/expl3.sty
Package: expl3 2018-10-19 L3 programming layer (loader) 

(d:/TeXLive/texlive/2018/texmf-dist/tex/latex/l3kernel/expl3-code.tex
Package: expl3 2018-10-19 L3 programming layer (code)
\c_max_int=\count281
\l_tmpa_int=\count282
\l_tmpb_int=\count283
\g_tmpa_int=\count284
\g_tmpb_int=\count285
\g__kernel_prg_map_int=\count286
\c_log_iow=\count287
\l_iow_line_count_int=\count288
\l__iow_line_target_int=\count289
\l__iow_one_indent_int=\count290
\l__iow_indent_int=\count291
\c_zero_dim=\dimen281
\c_max_dim=\dimen282
\l_tmpa_dim=\dimen283
\l_tmpb_dim=\dimen284
\g_tmpa_dim=\dimen285
\g_tmpb_dim=\dimen286
\c_zero_skip=\skip87
\c_max_skip=\skip88
\l_tmpa_skip=\skip89
\l_tmpb_skip=\skip90
\g_tmpa_skip=\skip91
\g_tmpb_skip=\skip92
\c_zero_muskip=\muskip12
\c_max_muskip=\muskip13
\l_tmpa_muskip=\muskip14
\l_tmpb_muskip=\muskip15
\g_tmpa_muskip=\muskip16
\g_tmpb_muskip=\muskip17
\l_keys_choice_int=\count292
\l__intarray_loop_int=\count293
\c__intarray_sp_dim=\dimen287
\g__intarray_font_int=\count294
\c__fp_leading_shift_int=\count295
\c__fp_middle_shift_int=\count296
\c__fp_trailing_shift_int=\count297
\c__fp_big_leading_shift_int=\count298
\c__fp_big_middle_shift_int=\count299
\c__fp_big_trailing_shift_int=\count300
\c__fp_Bigg_leading_shift_int=\count301
\c__fp_Bigg_middle_shift_int=\count302
\c__fp_Bigg_trailing_shift_int=\count303
\c__kernel_randint_max_int=\count304
\g__fp_array_int=\count305
\l__fp_array_loop_int=\count306
\l__sort_length_int=\count307
\l__sort_min_int=\count308
\l__sort_top_int=\count309
\l__sort_max_int=\count310
\l__sort_true_max_int=\count311
\l__sort_block_int=\count312
\l__sort_begin_int=\count313
\l__sort_end_int=\count314
\l__sort_A_int=\count315
\l__sort_B_int=\count316
\l__sort_C_int=\count317
\l__tl_analysis_normal_int=\count318
\l__tl_analysis_index_int=\count319
\l__tl_analysis_nesting_int=\count320
\l__tl_analysis_type_int=\count321
\l__regex_internal_a_int=\count322
\l__regex_internal_b_int=\count323
\l__regex_internal_c_int=\count324
\l__regex_balance_int=\count325
\l__regex_group_level_int=\count326
\l__regex_mode_int=\count327
\c__regex_cs_in_class_mode_int=\count328
\c__regex_cs_mode_int=\count329
\l__regex_catcodes_int=\count330
\l__regex_default_catcodes_int=\count331
\c__regex_catcode_D_int=\count332
\c__regex_catcode_S_int=\count333
\c__regex_catcode_L_int=\count334
\c__regex_catcode_O_int=\count335
\c__regex_catcode_A_int=\count336
\c__regex_all_catcodes_int=\count337
\l__regex_show_lines_int=\count338
\l__regex_min_state_int=\count339
\l__regex_max_state_int=\count340
\l__regex_left_state_int=\count341
\l__regex_right_state_int=\count342
\l__regex_capturing_group_int=\count343
\l__regex_min_pos_int=\count344
\l__regex_max_pos_int=\count345
\l__regex_curr_pos_int=\count346
\l__regex_start_pos_int=\count347
\l__regex_success_pos_int=\count348
\l__regex_curr_char_int=\count349
\l__regex_curr_catcode_int=\count350
\l__regex_last_char_int=\count351
\l__regex_case_changed_char_int=\count352
\l__regex_curr_state_int=\count353
\l__regex_step_int=\count354
\l__regex_min_active_int=\count355
\l__regex_max_active_int=\count356
\l__regex_replacement_csnames_int=\count357
\l__regex_match_count_int=\count358
\l__regex_min_submatch_int=\count359
\l__regex_submatch_int=\count360
\l__regex_zeroth_submatch_int=\count361
\g__regex_trace_regex_int=\count362
\c_empty_box=\box70
\l_tmpa_box=\box71
\l_tmpb_box=\box72
\g_tmpa_box=\box73
\g_tmpb_box=\box74
\l__box_top_dim=\dimen288
\l__box_bottom_dim=\dimen289
\l__box_left_dim=\dimen290
\l__box_right_dim=\dimen291
\l__box_top_new_dim=\dimen292
\l__box_bottom_new_dim=\dimen293
\l__box_left_new_dim=\dimen294
\l__box_right_new_dim=\dimen295
\l__box_internal_box=\box75
\l__coffin_internal_box=\box76
\l__coffin_internal_dim=\dimen296
\l__coffin_offset_x_dim=\dimen297
\l__coffin_offset_y_dim=\dimen298
\l__coffin_x_dim=\dimen299
\l__coffin_y_dim=\dimen300
\l__coffin_x_prime_dim=\dimen301
\l__coffin_y_prime_dim=\dimen302
\c_empty_coffin=\box77
\l__coffin_aligned_coffin=\box78
\l__coffin_aligned_internal_coffin=\box79
\l_tmpa_coffin=\box80
\l_tmpb_coffin=\box81
\l__coffin_display_coffin=\box82
\l__coffin_display_coord_coffin=\box83
\l__coffin_display_pole_coffin=\box84
\l__coffin_display_offset_dim=\dimen303
\l__coffin_display_x_dim=\dimen304
\l__coffin_display_y_dim=\dimen305
\g__file_internal_ior=\read2
\l__coffin_bounding_shift_dim=\dimen306
\l__coffin_left_corner_dim=\dimen307
\l__coffin_right_corner_dim=\dimen308
\l__coffin_bottom_corner_dim=\dimen309
\l__coffin_top_corner_dim=\dimen310
\l__coffin_scaled_total_height_dim=\dimen311
\l__coffin_scaled_width_dim=\dimen312
\l__seq_internal_a_int=\count363
\l__seq_internal_b_int=\count364
)
(d:/TeXLive/texlive/2018/texmf-dist/tex/latex/l3kernel/l3pdfmode.def
File: l3pdfmode.def 2018-10-19 v L3 Experimental driver: PDF mode
\l__driver_color_stack_int=\count365
))
Package: xparse 2018-10-17 L3 Experimental document command parser
\l__xparse_current_arg_int=\count366
\g__xparse_grabber_int=\count367
\l__xparse_m_args_int=\count368
\l__xparse_mandatory_args_int=\count369
\l__xparse_v_nesting_int=\count370
)
(./posterSimTech18.aux)
\openout1 = `posterSimTech18.aux'.

LaTeX Font Info:    Checking defaults for OML/cmm/m/it on input line 158.
LaTeX Font Info:    ... okay on input line 158.
LaTeX Font Info:    Checking defaults for T1/cmr/m/n on input line 158.
LaTeX Font Info:    ... okay on input line 158.
LaTeX Font Info:    Checking defaults for OT1/cmr/m/n on input line 158.
LaTeX Font Info:    ... okay on input line 158.
LaTeX Font Info:    Checking defaults for OMS/cmsy/m/n on input line 158.
LaTeX Font Info:    ... okay on input line 158.
LaTeX Font Info:    Checking defaults for OMX/cmex/m/n on input line 158.
LaTeX Font Info:    ... okay on input line 158.
LaTeX Font Info:    Checking defaults for U/cmr/m/n on input line 158.
LaTeX Font Info:    ... okay on input line 158.
LaTeX Font Info:    Checking defaults for PD1/pdf/m/n on input line 158.
LaTeX Font Info:    ... okay on input line 158.
LaTeX Font Info:    Try loading font information for T1+phv on input line 158.

(d:/TeXLive/texlive/2018/texmf-dist/tex/latex/psnfss/t1phv.fd
File: t1phv.fd 2001/06/04 scalable font definitions for T1/phv.
)
*geometry* driver: auto-detecting
*geometry* detected driver: pdftex
*geometry* verbose mode - [ preamble ] result:
* driver: pdftex
* paper: custom
* layout: <same size as paper>
* layoutoffset:(h,v)=(0.0pt,0.0pt)
* modes: includehead includefoot 
* h-part:(L,W,R)=(28.45274pt, 2331.98808pt, 28.45274pt)
* v-part:(T,H,B)=(0.0pt, 3380.75665pt, 0.0pt)
* \paperwidth=2388.89357pt
* \paperheight=3380.75665pt
* \textwidth=2331.98808pt
* \textheight=3352.30392pt
* \oddsidemargin=-43.81725pt
* \evensidemargin=-43.81725pt
* \topmargin=-72.26999pt
* \headheight=14.22636pt
* \headsep=0.0pt
* \topskip=11.0pt
* \footskip=14.22636pt
* \marginparwidth=4.0pt
* \marginparsep=10.0pt
* \columnsep=10.0pt
* \skip\footins=10.0pt plus 4.0pt minus 2.0pt
* \hoffset=0.0pt
* \voffset=0.0pt
* \mag=1000
* \@twocolumnfalse
* \@twosidefalse
* \@mparswitchfalse
* \@reversemarginfalse
* (1in=72.27pt=25.4mm, 1cm=28.453pt)

(d:/TeXLive/texlive/2018/texmf-dist/tex/context/base/mkii/supp-pdf.mkii
[Loading MPS to PDF converter (version 2006.09.02).]
\scratchcounter=\count371
\scratchdimen=\dimen313
\scratchbox=\box85
\nofMPsegments=\count372
\nofMParguments=\count373
\everyMPshowfont=\toks58
\MPscratchCnt=\count374
\MPscratchDim=\dimen314
\MPnumerator=\count375
\makeMPintoPDFobject=\count376
\everyMPtoPDFconversion=\toks59
) ABD: EveryShipout initializing macros
\AtBeginShipoutBox=\box86
Package hyperref Info: Link coloring OFF on input line 158.

(d:/TeXLive/texlive/2018/texmf-dist/tex/latex/hyperref/nameref.sty
Package: nameref 2016/05/21 v2.44 Cross-referencing by name of section

(d:/TeXLive/texlive/2018/texmf-dist/tex/generic/oberdiek/gettitlestring.sty
Package: gettitlestring 2016/05/16 v1.5 Cleanup title references (HO)
)
\c@section@level=\count377
)
LaTeX Info: Redefining \ref on input line 158.
LaTeX Info: Redefining \pageref on input line 158.
LaTeX Info: Redefining \nameref on input line 158.

(./posterSimTech18.out) (./posterSimTech18.out)
\@outlinefile=\write5
\openout5 = `posterSimTech18.out'.

LaTeX Font Info:    Overwriting symbol font `operators' in version `normal'
(Font)                  OT1/cmr/m/n --> OT1/cmss/m/n on input line 158.
LaTeX Font Info:    Overwriting symbol font `operators' in version `bold'
(Font)                  OT1/cmr/bx/n --> OT1/cmss/bx/n on input line 158.
\symnumbers=\mathgroup8
\sympureletters=\mathgroup9
LaTeX Font Info:    Overwriting math alphabet `\mathrm' in version `normal'
(Font)                  OT1/cmss/m/n --> T1/ptm/m/n on input line 158.
LaTeX Font Info:    Redeclaring math alphabet \mathbf on input line 158.
LaTeX Font Info:    Overwriting math alphabet `\mathbf' in version `normal'
(Font)                  OT1/cmr/bx/n --> T1/phv/bx/n on input line 158.
LaTeX Font Info:    Overwriting math alphabet `\mathbf' in version `bold'
(Font)                  OT1/cmr/bx/n --> T1/phv/bx/n on input line 158.
LaTeX Font Info:    Redeclaring math alphabet \mathsf on input line 158.
LaTeX Font Info:    Overwriting math alphabet `\mathsf' in version `normal'
(Font)                  OT1/cmss/m/n --> T1/phv/m/n on input line 158.
LaTeX Font Info:    Overwriting math alphabet `\mathsf' in version `bold'
(Font)                  OT1/cmss/bx/n --> T1/phv/m/n on input line 158.
LaTeX Font Info:    Redeclaring math alphabet \mathit on input line 158.
LaTeX Font Info:    Overwriting math alphabet `\mathit' in version `normal'
(Font)                  OT1/cmr/m/it --> T1/phv/m/it on input line 158.
LaTeX Font Info:    Overwriting math alphabet `\mathit' in version `bold'
(Font)                  OT1/cmr/bx/it --> T1/phv/m/it on input line 158.
LaTeX Font Info:    Redeclaring math alphabet \mathtt on input line 158.
LaTeX Font Info:    Overwriting math alphabet `\mathtt' in version `normal'
(Font)                  OT1/cmtt/m/n --> T1/pcr/m/n on input line 158.
LaTeX Font Info:    Overwriting math alphabet `\mathtt' in version `bold'
(Font)                  OT1/cmtt/m/n --> T1/pcr/m/n on input line 158.
LaTeX Font Info:    Overwriting symbol font `numbers' in version `bold'
(Font)                  T1/phv/m/n --> T1/phv/bx/n on input line 158.
LaTeX Font Info:    Overwriting symbol font `pureletters' in version `bold'
(Font)                  T1/phv/m/it --> T1/phv/bx/it on input line 158.
LaTeX Font Info:    Overwriting math alphabet `\mathrm' in version `bold'
(Font)                  OT1/cmss/bx/n --> T1/ptm/bx/n on input line 158.
LaTeX Font Info:    Overwriting math alphabet `\mathbf' in version `bold'
(Font)                  T1/phv/bx/n --> T1/phv/bx/n on input line 158.
LaTeX Font Info:    Overwriting math alphabet `\mathsf' in version `bold'
(Font)                  T1/phv/m/n --> T1/phv/bx/n on input line 158.
LaTeX Font Info:    Overwriting math alphabet `\mathit' in version `bold'
(Font)                  T1/phv/m/it --> T1/phv/bx/it on input line 158.
LaTeX Font Info:    Overwriting math alphabet `\mathtt' in version `bold'
(Font)                  T1/pcr/m/n --> T1/pcr/bx/n on input line 158.

(d:/TeXLive/texlive/2018/texmf-dist/tex/latex/translator/translator-basic-dicti
onary-English.dict
Dictionary: translator-basic-dictionary, Language: English 
)
(d:/TeXLive/texlive/2018/texmf-dist/tex/latex/translator/translator-bibliograph
y-dictionary-English.dict
Dictionary: translator-bibliography-dictionary, Language: English 
)
(d:/TeXLive/texlive/2018/texmf-dist/tex/latex/translator/translator-environment
-dictionary-English.dict
Dictionary: translator-environment-dictionary, Language: English 
)
(d:/TeXLive/texlive/2018/texmf-dist/tex/latex/translator/translator-months-dict
ionary-English.dict
Dictionary: translator-months-dictionary, Language: English 
)
(d:/TeXLive/texlive/2018/texmf-dist/tex/latex/translator/translator-numbers-dic
tionary-English.dict
Dictionary: translator-numbers-dictionary, Language: English 
)
(d:/TeXLive/texlive/2018/texmf-dist/tex/latex/translator/translator-theorem-dic
tionary-English.dict
Dictionary: translator-theorem-dictionary, Language: English 
) ABD: EverySelectfont initializing macros
LaTeX Info: Redefining \selectfont on input line 158.

(d:/TeXLive/texlive/2018/texmf-dist/tex/latex/oberdiek/pdflscape.sty
Package: pdflscape 2016/05/14 v0.11 Display of landscape pages in PDF (HO)

(d:/TeXLive/texlive/2018/texmf-dist/tex/latex/graphics/lscape.sty
Package: lscape 2000/10/22 v3.01 Landscape Pages (DPC)
)
Package pdflscape Info: Auto-detected driver: pdftex on input line 81.
)
Package caption Info: Begin \AtBeginDocument code.
Package caption Info: float package is loaded.
Package caption Info: End \AtBeginDocument code.


Package todonotes Warning: The length marginparwidth is less than 2cm and will 
most likely cause issues with the appearance of inserted todonotes. The issue c
an be solved by adding a line like \setlength {\marginparwidth }{2cm} prior to 
loading the todonotes package. on input line 158.

(./posterSimTech18.nav)
<../gfx/ipvs_logo.png, id=13, 250.9375pt x 250.9375pt>
File: ../gfx/ipvs_logo.png Graphic file (type png)
<use ../gfx/ipvs_logo.png>
Package pdftex.def Info: ../gfx/ipvs_logo.png  used on input line 158.
(pdftex.def)             Requested size: 118.33885pt x 118.33885pt.
<../gfx/sgslogo-250x250.png, id=14, 250.9375pt x 250.9375pt>
File: ../gfx/sgslogo-250x250.png Graphic file (type png)
<use ../gfx/sgslogo-250x250.png>
Package pdftex.def Info: ../gfx/sgslogo-250x250.png  used on input line 158.
(pdftex.def)             Requested size: 118.33885pt x 118.33885pt.
<../gfx/logo_uni_english.pdf, id=16, 174.6525pt x 40.15pt>
File: ../gfx/logo_uni_english.pdf Graphic file (type pdf)
<use ../gfx/logo_uni_english.pdf>
Package pdftex.def Info: ../gfx/logo_uni_english.pdf  used on input line 158.
(pdftex.def)             Requested size: 668.88728pt x 153.79068pt.
LaTeX Font Info:    Try loading font information for U+rsfs on input line 158.

(d:/TeXLive/texlive/2018/texmf-dist/tex/latex/jknapltx/ursfs.fd
File: ursfs.fd 1998/03/24 rsfs font definition file (jk)
)
LaTeX Font Info:    Font shape `T1/phv/m/it' in size <12> not available
(Font)              Font shape `T1/phv/m/sl' tried instead on input line 158.
LaTeX Font Info:    Font shape `T1/phv/m/it' in size <8> not available
(Font)              Font shape `T1/phv/m/sl' tried instead on input line 158.
LaTeX Font Info:    Font shape `T1/phv/m/it' in size <6> not available
(Font)              Font shape `T1/phv/m/sl' tried instead on input line 158.

Overfull \hbox (165.11328pt too wide) in paragraph at lines 158--158
[]|  []  
 []

LaTeX Font Info:    Font shape `T1/phv/bx/n' in size <12> not available
(Font)              Font shape `T1/phv/b/n' tried instead on input line 158.
LaTeX Font Info:    Font shape `T1/phv/bx/n' in size <61.92> not available
(Font)              Font shape `T1/phv/b/n' tried instead on input line 158.
LaTeX Font Info:    Font shape `T1/phv/bx/n' in size <51.6> not available
(Font)              Font shape `T1/phv/b/n' tried instead on input line 158.
LaTeX Font Info:    Font shape `T1/phv/bx/n' in size <35.83> not available
(Font)              Font shape `T1/phv/b/n' tried instead on input line 158.
LaTeX Font Info:    Font shape `T1/phv/bx/n' in size <29.86> not available
(Font)              Font shape `T1/phv/b/n' tried instead on input line 158.
LaTeX Font Info:    Calculating math sizes for size <29.86> on input line 158.

LaTeX Font Warning: Font shape `U/rsfs/m/n' in size <29.86> not available
(Font)              size <24.88> substituted on input line 158.


LaTeX Font Warning: Font shape `U/rsfs/m/n' in size <14.93> not available
(Font)              size <14.4> substituted on input line 158.

LaTeX Font Info:    Font shape `T1/phv/m/it' in size <29.86> not available
(Font)              Font shape `T1/phv/m/sl' tried instead on input line 158.
LaTeX Font Info:    Font shape `T1/phv/m/it' in size <20.9019> not available
(Font)              Font shape `T1/phv/m/sl' tried instead on input line 158.
LaTeX Font Info:    Font shape `T1/phv/m/it' in size <14.93> not available
(Font)              Font shape `T1/phv/m/sl' tried instead on input line 158.

Overfull \hbox (907.79121pt too wide) in paragraph at lines 158--158
[][]  
 []

LaTeX Font Info:    Font shape `T1/phv/bx/n' in size <20.9019> not available
(Font)              Font shape `T1/phv/b/n' tried instead on input line 298.
LaTeX Font Info:    Font shape `T1/phv/bx/n' in size <14.93> not available
(Font)              Font shape `T1/phv/b/n' tried instead on input line 298.
<../gfx/Ships01.png, id=20, 613.54219pt x 603.0028pt>
File: ../gfx/Ships01.png Graphic file (type png)
<use ../gfx/Ships01.png>
Package pdftex.def Info: ../gfx/Ships01.png  used on input line 298.
(pdftex.def)             Requested size: 384.12134pt x 377.5199pt.
LaTeX Font Info:    Font shape `T1/phv/bx/n' in size <24.88> not available
(Font)              Font shape `T1/phv/b/n' tried instead on input line 298.
<../gfx/Grids03.png, id=22, 582.67688pt x 598.48593pt>
File: ../gfx/Grids03.png Graphic file (type png)
<use ../gfx/Grids03.png>
Package pdftex.def Info: ../gfx/Grids03.png  used on input line 298.
(pdftex.def)             Requested size: 288.09833pt x 295.91812pt.
<../gfx/Grids04.png, id=23, 1218.80344pt x 313.17pt>
File: ../gfx/Grids04.png Graphic file (type png)
<use ../gfx/Grids04.png>
Package pdftex.def Info: ../gfx/Grids04.png  used on input line 298.
(pdftex.def)             Requested size: 960.31801pt x 246.76125pt.
<../gfx/Grids05.png, id=24, 1166.10657pt x 621.82312pt>
File: ../gfx/Grids05.png Graphic file (type png)
<use ../gfx/Grids05.png>
Package pdftex.def Info: ../gfx/Grids05.png  used on input line 298.
(pdftex.def)             Requested size: 960.31801pt x 512.09953pt.
<../gfx/Compare01.png, id=26, 1135.99406pt x 433.62pt>
File: ../gfx/Compare01.png Graphic file (type png)
<use ../gfx/Compare01.png>
Package pdftex.def Info: ../gfx/Compare01.png  used on input line 298.
(pdftex.def)             Requested size: 960.31801pt x 366.57394pt.
<../gfx/Compare03.png, id=28, 1967.85187pt x 983.17313pt>
File: ../gfx/Compare03.png Graphic file (type png)
<use ../gfx/Compare03.png>
Package pdftex.def Info: ../gfx/Compare03.png  used on input line 298.
(pdftex.def)             Requested size: 960.31801pt x 479.7938pt.
(./posterSimTech18.bbl)
File: ../gfx/logo_uni_english.pdf Graphic file (type pdf)
<use ../gfx/logo_uni_english.pdf>
Package pdftex.def Info: ../gfx/logo_uni_english.pdf  used on input line 298.
(pdftex.def)             Requested size: 668.88728pt x 153.79068pt.
LaTeX Font Info:    Font shape `T1/phv/bx/n' in size <8> not available
(Font)              Font shape `T1/phv/b/n' tried instead on input line 298.
LaTeX Font Info:    Font shape `T1/phv/bx/n' in size <6> not available
(Font)              Font shape `T1/phv/b/n' tried instead on input line 298.

Overfull \hbox (165.11328pt too wide) has occurred while \output is active
[]|  []  
 []


Overfull \hbox (907.79121pt too wide) has occurred while \output is active
[][]  
 []

File: ../gfx/ipvs_logo.png Graphic file (type png)
<use ../gfx/ipvs_logo.png>
Package pdftex.def Info: ../gfx/ipvs_logo.png  used on input line 298.
(pdftex.def)             Requested size: 118.33885pt x 118.33885pt.
File: ../gfx/sgslogo-250x250.png Graphic file (type png)
<use ../gfx/sgslogo-250x250.png>
Package pdftex.def Info: ../gfx/sgslogo-250x250.png  used on input line 298.
(pdftex.def)             Requested size: 118.33885pt x 118.33885pt.
[1{d:/TeXLive/texlive/2018/texmf-var/fonts/map/pdftex/updmap/pdftex.map}

 <../gfx/logo_uni_english.pdf> <../gfx/Ships01.png> <../gfx/Grids03.png> <../gf
x/Grids04.png> <../gfx/Grids05.png> <../gfx/Compare01.png> <../gfx/Compare03.pn
g> <../gfx/ipvs_logo.png> <../gfx/sgslogo-250x250.png>]
\tf@nav=\write6
\openout6 = `posterSimTech18.nav'.

\tf@toc=\write7
\openout7 = `posterSimTech18.toc'.

\tf@snm=\write8
\openout8 = `posterSimTech18.snm'.

Package atveryend Info: Empty hook `BeforeClearDocument' on input line 299.
Package atveryend Info: Empty hook `AfterLastShipout' on input line 299.
 (./posterSimTech18.aux)
Package atveryend Info: Empty hook `AtVeryEndDocument' on input line 299.
Package atveryend Info: Executing hook `AtEndAfterFileList' on input line 299.
Package rerunfilecheck Info: File `posterSimTech18.out' has not changed.
(rerunfilecheck)             Checksum: D41D8CD98F00B204E9800998ECF8427E;0.


LaTeX Font Warning: Size substitutions with differences
(Font)              up to 4.98pt have occurred.

 ) 
Here is how much of TeX's memory you used:
 34197 strings out of 492639
 653923 string characters out of 6133087
 789504 words of memory out of 5000000
 37411 multiletter control sequences out of 15000+600000
 606957 words of font info for 116 fonts, out of 8000000 for 9000
 1141 hyphenation exceptions out of 8191
 65i,21n,100p,905b,1276s stack positions out of 5000i,500n,10000p,200000b,80000s
{d:/TeXLive/texlive/2018/texmf-dist/fonts/enc/dvips/base/8r.enc}<d:/TeXLive/t
exlive/2018/texmf-dist/fonts/type1/public/amsfonts/cm/cmss17.pfb><d:/TeXLive/te
xlive/2018/texmf-dist/fonts/type1/public/amsfonts/cm/cmsy10.pfb><d:/TeXLive/tex
live/2018/texmf-dist/fonts/type1/public/amsfonts/symbols/msbm10.pfb><d:/TeXLive
/texlive/2018/texmf-dist/fonts/type1/urw/helvetic/uhvb8a.pfb><d:/TeXLive/texliv
e/2018/texmf-dist/fonts/type1/urw/helvetic/uhvr8a.pfb><d:/TeXLive/texlive/2018/
texmf-dist/fonts/type1/urw/helvetic/uhvro8a.pfb>
Output written on posterSimTech18.pdf (1 page, 327105 bytes).
PDF statistics:
 79 PDF objects out of 1000 (max. 8388607)
 50 compressed objects within 1 object stream
 8 named destinations out of 1000 (max. 500000)
 88 words of extra memory for PDF output out of 10000 (max. 10000000)

